android/app/build/intermediates/manifest_merge_blame_file/debug/manifest-merger-blame-debug-report.txt
1<?xml version="1.0" encoding="utf-8"?>
2<manifest xmlns:android="http://schemas.android.com/apk/res/android"
3    package="com.example.team_up"
4    android:versionCode="1"
5    android:versionName="1.0.0" >
6
7    <uses-sdk
8        android:minSdkVersion="21"
9        android:targetSdkVersion="35" />
10    <!--
11         The INTERNET permission is required for development. Specifically,
12         the Flutter tool needs it to communicate with the running application
13         to allow setting breakpoints, to provide hot reload, etc.
14    -->
15    <uses-permission android:name="android.permission.INTERNET" />
15-->src\debug\AndroidManifest.xml:6:5-66
15-->src\debug\AndroidManifest.xml:6:22-64
16    <uses-permission android:name="android.permission.READ_EXTERNAL_STORAGE" />
16-->src\main\AndroidManifest.xml:2:5-79
16-->src\main\AndroidManifest.xml:2:22-77
17    <uses-permission android:name="android.permission.CAMERA" />
17-->src\main\AndroidManifest.xml:3:5-64
17-->src\main\AndroidManifest.xml:3:22-62
18    <uses-permission android:name="android.permission.WRITE_EXTERNAL_STORAGE" />
18-->src\main\AndroidManifest.xml:4:5-81
18-->src\main\AndroidManifest.xml:4:22-78
19    <!--
20 Required to query activities that can process text, see:
21         https://developer.android.com/training/package-visibility and
22         https://developer.android.com/reference/android/content/Intent#ACTION_PROCESS_TEXT.
23
24         In particular, this is used by the Flutter engine in io.flutter.plugin.text.ProcessTextPlugin.
25    -->
26    <queries>
26-->src\main\AndroidManifest.xml:44:5-49:15
27        <intent>
27-->src\main\AndroidManifest.xml:45:9-48:18
28            <action android:name="android.intent.action.PROCESS_TEXT" />
28-->src\main\AndroidManifest.xml:46:13-72
28-->src\main\AndroidManifest.xml:46:21-70
29
30            <data android:mimeType="text/plain" />
30-->src\main\AndroidManifest.xml:47:13-50
30-->src\main\AndroidManifest.xml:47:19-48
31        </intent>
32    </queries>
33
34    <permission
34-->[androidx.core:core:1.13.1] AndroidManifest.xml:22:5-24:47
35        android:name="com.example.team_up.DYNAMIC_RECEIVER_NOT_EXPORTED_PERMISSION"
35-->[androidx.core:core:1.13.1] AndroidManifest.xml:23:9-81
36        android:protectionLevel="signature" />
36-->[androidx.core:core:1.13.1] AndroidManifest.xml:24:9-44
37
38    <uses-permission android:name="com.example.team_up.DYNAMIC_RECEIVER_NOT_EXPORTED_PERMISSION" />
38-->[androidx.core:core:1.13.1] AndroidManifest.xml:26:5-97
38-->[androidx.core:core:1.13.1] AndroidManifest.xml:26:22-94
39
40    <application
41        android:name="android.app.Application"
42        android:appComponentFactory="androidx.core.app.CoreComponentFactory"
42-->[androidx.core:core:1.13.1] AndroidManifest.xml:28:18-86
43        android:debuggable="true"
44        android:extractNativeLibs="true"
45        android:icon="@mipmap/ic_launcher"
46        android:label="team_up" >
47        <activity
48            android:name="com.example.team_up.MainActivity"
49            android:configChanges="orientation|keyboardHidden|keyboard|screenSize|smallestScreenSize|locale|layoutDirection|fontScale|screenLayout|density|uiMode"
50            android:exported="true"
51            android:hardwareAccelerated="true"
52            android:launchMode="singleTop"
53            android:taskAffinity=""
54            android:theme="@style/LaunchTheme"
55            android:windowSoftInputMode="adjustResize" >
56
57            <!--
58                 Specifies an Android theme to apply to this Activity as soon as
59                 the Android process has started. This theme is visible to the user
60                 while the Flutter UI initializes. After that, this theme continues
61                 to determine the Window background behind the Flutter UI.
62            -->
63            <meta-data
64                android:name="io.flutter.embedding.android.NormalTheme"
65                android:resource="@style/NormalTheme" />
66
67            <intent-filter>
68                <action android:name="android.intent.action.MAIN" />
69
70                <category android:name="android.intent.category.LAUNCHER" />
71            </intent-filter>
72        </activity>
73        <!--
74             Don't delete the meta-data below.
75             This is used by the Flutter tool to generate GeneratedPluginRegistrant.java
76        -->
77        <meta-data
78            android:name="flutterEmbedding"
79            android:value="2" />
80
81        <provider
81-->[:image_picker_android] AndroidManifest.xml:9:9-17:20
82            android:name="io.flutter.plugins.imagepicker.ImagePickerFileProvider"
82-->[:image_picker_android] AndroidManifest.xml:10:13-82
83            android:authorities="com.example.team_up.flutter.image_provider"
83-->[:image_picker_android] AndroidManifest.xml:11:13-74
84            android:exported="false"
84-->[:image_picker_android] AndroidManifest.xml:12:13-37
85            android:grantUriPermissions="true" >
85-->[:image_picker_android] AndroidManifest.xml:13:13-47
86            <meta-data
86-->[:image_picker_android] AndroidManifest.xml:14:13-16:75
87                android:name="android.support.FILE_PROVIDER_PATHS"
87-->[:image_picker_android] AndroidManifest.xml:15:17-67
88                android:resource="@xml/flutter_image_picker_file_paths" />
88-->[:image_picker_android] AndroidManifest.xml:16:17-72
89        </provider> <!-- Trigger Google Play services to install the backported photo picker module. -->
90        <service
90-->[:image_picker_android] AndroidManifest.xml:19:9-31:19
91            android:name="com.google.android.gms.metadata.ModuleDependencies"
91-->[:image_picker_android] AndroidManifest.xml:20:13-78
92            android:enabled="false"
92-->[:image_picker_android] AndroidManifest.xml:21:13-36
93            android:exported="false" >
93-->[:image_picker_android] AndroidManifest.xml:22:13-37
94            <intent-filter>
94-->[:image_picker_android] AndroidManifest.xml:24:13-26:29
95                <action android:name="com.google.android.gms.metadata.MODULE_DEPENDENCIES" />
95-->[:image_picker_android] AndroidManifest.xml:25:17-94
95-->[:image_picker_android] AndroidManifest.xml:25:25-91
96            </intent-filter>
97
98            <meta-data
98-->[:image_picker_android] AndroidManifest.xml:28:13-30:36
99                android:name="photopicker_activity:0:required"
99-->[:image_picker_android] AndroidManifest.xml:29:17-63
100                android:value="" />
100-->[:image_picker_android] AndroidManifest.xml:30:17-33
101        </service>
102        <service
102-->[:geolocator_android] AndroidManifest.xml:8:9-12:56
103            android:name="com.baseflow.geolocator.GeolocatorLocationService"
103-->[:geolocator_android] AndroidManifest.xml:9:13-77
104            android:enabled="true"
104-->[:geolocator_android] AndroidManifest.xml:10:13-35
105            android:exported="false"
105-->[:geolocator_android] AndroidManifest.xml:11:13-37
106            android:foregroundServiceType="location" />
106-->[:geolocator_android] AndroidManifest.xml:12:13-53
107
108        <activity
108-->[com.google.android.gms:play-services-base:18.3.0] AndroidManifest.xml:20:9-22:45
109            android:name="com.google.android.gms.common.api.GoogleApiActivity"
109-->[com.google.android.gms:play-services-base:18.3.0] AndroidManifest.xml:20:19-85
110            android:exported="false"
110-->[com.google.android.gms:play-services-base:18.3.0] AndroidManifest.xml:22:19-43
111            android:theme="@android:style/Theme.Translucent.NoTitleBar" />
111-->[com.google.android.gms:play-services-base:18.3.0] AndroidManifest.xml:21:19-78
112
113        <meta-data
113-->[com.google.android.gms:play-services-basement:18.3.0] AndroidManifest.xml:21:9-23:69
114            android:name="com.google.android.gms.version"
114-->[com.google.android.gms:play-services-basement:18.3.0] AndroidManifest.xml:22:13-58
115            android:value="@integer/google_play_services_version" />
115-->[com.google.android.gms:play-services-basement:18.3.0] AndroidManifest.xml:23:13-66
116
117        <uses-library
117-->[androidx.window:window:1.2.0] AndroidManifest.xml:23:9-25:40
118            android:name="androidx.window.extensions"
118-->[androidx.window:window:1.2.0] AndroidManifest.xml:24:13-54
119            android:required="false" />
119-->[androidx.window:window:1.2.0] AndroidManifest.xml:25:13-37
120        <uses-library
120-->[androidx.window:window:1.2.0] AndroidManifest.xml:26:9-28:40
121            android:name="androidx.window.sidecar"
121-->[androidx.window:window:1.2.0] AndroidManifest.xml:27:13-51
122            android:required="false" />
122-->[androidx.window:window:1.2.0] AndroidManifest.xml:28:13-37
123
124        <provider
124-->[androidx.lifecycle:lifecycle-process:2.7.0] AndroidManifest.xml:24:9-32:20
125            android:name="androidx.startup.InitializationProvider"
125-->[androidx.lifecycle:lifecycle-process:2.7.0] AndroidManifest.xml:25:13-67
126            android:authorities="com.example.team_up.androidx-startup"
126-->[androidx.lifecycle:lifecycle-process:2.7.0] AndroidManifest.xml:26:13-68
127            android:exported="false" >
127-->[androidx.lifecycle:lifecycle-process:2.7.0] AndroidManifest.xml:27:13-37
128            <meta-data
128-->[androidx.lifecycle:lifecycle-process:2.7.0] AndroidManifest.xml:29:13-31:52
129                android:name="androidx.lifecycle.ProcessLifecycleInitializer"
129-->[androidx.lifecycle:lifecycle-process:2.7.0] AndroidManifest.xml:30:17-78
130                android:value="androidx.startup" />
130-->[androidx.lifecycle:lifecycle-process:2.7.0] AndroidManifest.xml:31:17-49
131            <meta-data
131-->[androidx.profileinstaller:profileinstaller:1.3.1] AndroidManifest.xml:29:13-31:52
132                android:name="androidx.profileinstaller.ProfileInstallerInitializer"
132-->[androidx.profileinstaller:profileinstaller:1.3.1] AndroidManifest.xml:30:17-85
133                android:value="androidx.startup" />
133-->[androidx.profileinstaller:profileinstaller:1.3.1] AndroidManifest.xml:31:17-49
134        </provider>
135
136        <receiver
136-->[androidx.profileinstaller:profileinstaller:1.3.1] AndroidManifest.xml:34:9-52:20
137            android:name="androidx.profileinstaller.ProfileInstallReceiver"
137-->[androidx.profileinstaller:profileinstaller:1.3.1] AndroidManifest.xml:35:13-76
138            android:directBootAware="false"
138-->[androidx.profileinstaller:profileinstaller:1.3.1] AndroidManifest.xml:36:13-44
139            android:enabled="true"
139-->[androidx.profileinstaller:profileinstaller:1.3.1] AndroidManifest.xml:37:13-35
140            android:exported="true"
140-->[androidx.profileinstaller:profileinstaller:1.3.1] AndroidManifest.xml:38:13-36
141            android:permission="android.permission.DUMP" >
141-->[androidx.profileinstaller:profileinstaller:1.3.1] AndroidManifest.xml:39:13-57
142            <intent-filter>
142-->[androidx.profileinstaller:profileinstaller:1.3.1] AndroidManifest.xml:40:13-42:29
143                <action android:name="androidx.profileinstaller.action.INSTALL_PROFILE" />
143-->[androidx.profileinstaller:profileinstaller:1.3.1] AndroidManifest.xml:41:17-91
143-->[androidx.profileinstaller:profileinstaller:1.3.1] AndroidManifest.xml:41:25-88
144            </intent-filter>
145            <intent-filter>
145-->[androidx.profileinstaller:profileinstaller:1.3.1] AndroidManifest.xml:43:13-45:29
146                <action android:name="androidx.profileinstaller.action.SKIP_FILE" />
146-->[androidx.profileinstaller:profileinstaller:1.3.1] AndroidManifest.xml:44:17-85
146-->[androidx.profileinstaller:profileinstaller:1.3.1] AndroidManifest.xml:44:25-82
147            </intent-filter>
148            <intent-filter>
148-->[androidx.profileinstaller:profileinstaller:1.3.1] AndroidManifest.xml:46:13-48:29
149                <action android:name="androidx.profileinstaller.action.SAVE_PROFILE" />
149-->[androidx.profileinstaller:profileinstaller:1.3.1] AndroidManifest.xml:47:17-88
149-->[androidx.profileinstaller:profileinstaller:1.3.1] AndroidManifest.xml:47:25-85
150            </intent-filter>
151            <intent-filter>
151-->[androidx.profileinstaller:profileinstaller:1.3.1] AndroidManifest.xml:49:13-51:29
152                <action android:name="androidx.profileinstaller.action.BENCHMARK_OPERATION" />
152-->[androidx.profileinstaller:profileinstaller:1.3.1] AndroidManifest.xml:50:17-95
152-->[androidx.profileinstaller:profileinstaller:1.3.1] AndroidManifest.xml:50:25-92
153            </intent-filter>
154        </receiver>
155    </application>
156
157</manifest>